C:\Program Files (x86)\Microsoft Visual Studio\2019\Community\Msbuild\Microsoft\VC\v160\Microsoft.CppBuild.targets(513,5): warning MSB8028: The intermediate directory (x64\Debug\) contains files shared from another project (11_camera.vcxproj).  This can lead to incorrect clean and rebuild behavior.
  Source.cpp
C:\Users\Gergő\Downloads\20220201_Computer_graphics\11_camera\Source.cpp(396,50): warning C4267: 'argument': conversion from 'size_t' to 'GLsizei', possible loss of data
C:\Users\Gergő\Downloads\20220201_Computer_graphics\11_camera\Source.cpp(401,39): warning C4267: 'argument': conversion from 'size_t' to 'GLint', possible loss of data
C:\Users\Gergő\Downloads\20220201_Computer_graphics\11_camera\Source.cpp(408,39): warning C4267: 'argument': conversion from 'size_t' to 'GLint', possible loss of data
glfw3.lib(init.obj) : warning LNK4099: PDB 'glfw.pdb' was not found with 'glfw3.lib(init.obj)' or at 'C:\Users\Gergő\Downloads\20220201_Computer_graphics\x64\Debug\glfw.pdb'; linking object as if no debug info
glfw3.lib(window.obj) : warning LNK4099: PDB 'glfw.pdb' was not found with 'glfw3.lib(window.obj)' or at 'C:\Users\Gergő\Downloads\20220201_Computer_graphics\x64\Debug\glfw.pdb'; linking object as if no debug info
glfw3.lib(input.obj) : warning LNK4099: PDB 'glfw.pdb' was not found with 'glfw3.lib(input.obj)' or at 'C:\Users\Gergő\Downloads\20220201_Computer_graphics\x64\Debug\glfw.pdb'; linking object as if no debug info
glfw3.lib(context.obj) : warning LNK4099: PDB 'glfw.pdb' was not found with 'glfw3.lib(context.obj)' or at 'C:\Users\Gergő\Downloads\20220201_Computer_graphics\x64\Debug\glfw.pdb'; linking object as if no debug info
glfw3.lib(win32_init.obj) : warning LNK4099: PDB 'glfw.pdb' was not found with 'glfw3.lib(win32_init.obj)' or at 'C:\Users\Gergő\Downloads\20220201_Computer_graphics\x64\Debug\glfw.pdb'; linking object as if no debug info
glfw3.lib(win32_monitor.obj) : warning LNK4099: PDB 'glfw.pdb' was not found with 'glfw3.lib(win32_monitor.obj)' or at 'C:\Users\Gergő\Downloads\20220201_Computer_graphics\x64\Debug\glfw.pdb'; linking object as if no debug info
glfw3.lib(win32_time.obj) : warning LNK4099: PDB 'glfw.pdb' was not found with 'glfw3.lib(win32_time.obj)' or at 'C:\Users\Gergő\Downloads\20220201_Computer_graphics\x64\Debug\glfw.pdb'; linking object as if no debug info
glfw3.lib(win32_thread.obj) : warning LNK4099: PDB 'glfw.pdb' was not found with 'glfw3.lib(win32_thread.obj)' or at 'C:\Users\Gergő\Downloads\20220201_Computer_graphics\x64\Debug\glfw.pdb'; linking object as if no debug info
glfw3.lib(monitor.obj) : warning LNK4099: PDB 'glfw.pdb' was not found with 'glfw3.lib(monitor.obj)' or at 'C:\Users\Gergő\Downloads\20220201_Computer_graphics\x64\Debug\glfw.pdb'; linking object as if no debug info
glfw3.lib(vulkan.obj) : warning LNK4099: PDB 'glfw.pdb' was not found with 'glfw3.lib(vulkan.obj)' or at 'C:\Users\Gergő\Downloads\20220201_Computer_graphics\x64\Debug\glfw.pdb'; linking object as if no debug info
glfw3.lib(win32_window.obj) : warning LNK4099: PDB 'glfw.pdb' was not found with 'glfw3.lib(win32_window.obj)' or at 'C:\Users\Gergő\Downloads\20220201_Computer_graphics\x64\Debug\glfw.pdb'; linking object as if no debug info
glfw3.lib(win32_joystick.obj) : warning LNK4099: PDB 'glfw.pdb' was not found with 'glfw3.lib(win32_joystick.obj)' or at 'C:\Users\Gergő\Downloads\20220201_Computer_graphics\x64\Debug\glfw.pdb'; linking object as if no debug info
glfw3.lib(wgl_context.obj) : warning LNK4099: PDB 'glfw.pdb' was not found with 'glfw3.lib(wgl_context.obj)' or at 'C:\Users\Gergő\Downloads\20220201_Computer_graphics\x64\Debug\glfw.pdb'; linking object as if no debug info
glfw3.lib(egl_context.obj) : warning LNK4099: PDB 'glfw.pdb' was not found with 'glfw3.lib(egl_context.obj)' or at 'C:\Users\Gergő\Downloads\20220201_Computer_graphics\x64\Debug\glfw.pdb'; linking object as if no debug info
glfw3.lib(osmesa_context.obj) : warning LNK4099: PDB 'glfw.pdb' was not found with 'glfw3.lib(osmesa_context.obj)' or at 'C:\Users\Gergő\Downloads\20220201_Computer_graphics\x64\Debug\glfw.pdb'; linking object as if no debug info
  11_camera.vcxproj -> C:\Users\Gergő\Downloads\20220201_Computer_graphics\x64\Debug\Surfaces.exe
