  Source.cpp
D:\Enikő\2022-2023_1.félév\GeometriaiModellezesGorbek\11_camera\Source.cpp(173,24): warning C4267: 'initializing': conversion from 'size_t' to 'GLint', possible loss of data
D:\Enikő\2022-2023_1.félév\GeometriaiModellezesGorbek\11_camera\Source.cpp(210,67): warning C4244: 'argument': conversion from 'double' to 'GLfloat', possible loss of data
D:\Enikő\2022-2023_1.félév\GeometriaiModellezesGorbek\11_camera\Source.cpp(210,50): warning C4244: 'argument': conversion from 'double' to 'GLfloat', possible loss of data
D:\Enikő\2022-2023_1.félév\GeometriaiModellezesGorbek\11_camera\Source.cpp(402,37): warning C4305: '+=': truncation from 'double' to 'T'
          with
          [
              T=float
          ]
D:\Enikő\2022-2023_1.félév\GeometriaiModellezesGorbek\11_camera\Source.cpp(410,37): warning C4305: '-=': truncation from 'double' to 'T'
          with
          [
              T=float
          ]
D:\Enikő\2022-2023_1.félév\GeometriaiModellezesGorbek\11_camera\Source.cpp(429,50): warning C4267: 'argument': conversion from 'size_t' to 'GLsizei', possible loss of data
D:\Enikő\2022-2023_1.félév\GeometriaiModellezesGorbek\11_camera\Source.cpp(434,39): warning C4267: 'argument': conversion from 'size_t' to 'GLint', possible loss of data
D:\Enikő\2022-2023_1.félév\GeometriaiModellezesGorbek\11_camera\Source.cpp(441,39): warning C4267: 'argument': conversion from 'size_t' to 'GLint', possible loss of data
LINK : warning LNK4098: defaultlib 'MSVCRTD' conflicts with use of other libs; use /NODEFAULTLIB:library
  Generating code
  2 of 317 functions ( 0.6%) were compiled, the rest were copied from previous compilation.
    0 functions were new in current compilation
    0 functions had inline decision re-evaluated but remain unchanged
  Finished generating code
glfw3.lib(context.obj) : warning LNK4099: PDB 'glfw.pdb' was not found with 'glfw3.lib(context.obj)' or at 'D:\Enikő\2022-2023_1.félév\GeometriaiModellezesGorbek\x64\Release\glfw.pdb'; linking object as if no debug info
glfw3.lib(window.obj) : warning LNK4099: PDB 'glfw.pdb' was not found with 'glfw3.lib(window.obj)' or at 'D:\Enikő\2022-2023_1.félév\GeometriaiModellezesGorbek\x64\Release\glfw.pdb'; linking object as if no debug info
glfw3.lib(input.obj) : warning LNK4099: PDB 'glfw.pdb' was not found with 'glfw3.lib(input.obj)' or at 'D:\Enikő\2022-2023_1.félév\GeometriaiModellezesGorbek\x64\Release\glfw.pdb'; linking object as if no debug info
glfw3.lib(init.obj) : warning LNK4099: PDB 'glfw.pdb' was not found with 'glfw3.lib(init.obj)' or at 'D:\Enikő\2022-2023_1.félév\GeometriaiModellezesGorbek\x64\Release\glfw.pdb'; linking object as if no debug info
glfw3.lib(win32_thread.obj) : warning LNK4099: PDB 'glfw.pdb' was not found with 'glfw3.lib(win32_thread.obj)' or at 'D:\Enikő\2022-2023_1.félév\GeometriaiModellezesGorbek\x64\Release\glfw.pdb'; linking object as if no debug info
glfw3.lib(win32_window.obj) : warning LNK4099: PDB 'glfw.pdb' was not found with 'glfw3.lib(win32_window.obj)' or at 'D:\Enikő\2022-2023_1.félév\GeometriaiModellezesGorbek\x64\Release\glfw.pdb'; linking object as if no debug info
glfw3.lib(win32_joystick.obj) : warning LNK4099: PDB 'glfw.pdb' was not found with 'glfw3.lib(win32_joystick.obj)' or at 'D:\Enikő\2022-2023_1.félév\GeometriaiModellezesGorbek\x64\Release\glfw.pdb'; linking object as if no debug info
glfw3.lib(win32_time.obj) : warning LNK4099: PDB 'glfw.pdb' was not found with 'glfw3.lib(win32_time.obj)' or at 'D:\Enikő\2022-2023_1.félév\GeometriaiModellezesGorbek\x64\Release\glfw.pdb'; linking object as if no debug info
glfw3.lib(win32_init.obj) : warning LNK4099: PDB 'glfw.pdb' was not found with 'glfw3.lib(win32_init.obj)' or at 'D:\Enikő\2022-2023_1.félév\GeometriaiModellezesGorbek\x64\Release\glfw.pdb'; linking object as if no debug info
glfw3.lib(win32_monitor.obj) : warning LNK4099: PDB 'glfw.pdb' was not found with 'glfw3.lib(win32_monitor.obj)' or at 'D:\Enikő\2022-2023_1.félév\GeometriaiModellezesGorbek\x64\Release\glfw.pdb'; linking object as if no debug info
glfw3.lib(monitor.obj) : warning LNK4099: PDB 'glfw.pdb' was not found with 'glfw3.lib(monitor.obj)' or at 'D:\Enikő\2022-2023_1.félév\GeometriaiModellezesGorbek\x64\Release\glfw.pdb'; linking object as if no debug info
glfw3.lib(vulkan.obj) : warning LNK4099: PDB 'glfw.pdb' was not found with 'glfw3.lib(vulkan.obj)' or at 'D:\Enikő\2022-2023_1.félév\GeometriaiModellezesGorbek\x64\Release\glfw.pdb'; linking object as if no debug info
glfw3.lib(wgl_context.obj) : warning LNK4099: PDB 'glfw.pdb' was not found with 'glfw3.lib(wgl_context.obj)' or at 'D:\Enikő\2022-2023_1.félév\GeometriaiModellezesGorbek\x64\Release\glfw.pdb'; linking object as if no debug info
glfw3.lib(egl_context.obj) : warning LNK4099: PDB 'glfw.pdb' was not found with 'glfw3.lib(egl_context.obj)' or at 'D:\Enikő\2022-2023_1.félév\GeometriaiModellezesGorbek\x64\Release\glfw.pdb'; linking object as if no debug info
glfw3.lib(osmesa_context.obj) : warning LNK4099: PDB 'glfw.pdb' was not found with 'glfw3.lib(osmesa_context.obj)' or at 'D:\Enikő\2022-2023_1.félév\GeometriaiModellezesGorbek\x64\Release\glfw.pdb'; linking object as if no debug info
  11_camera.vcxproj -> D:\Enikő\2022-2023_1.félév\GeometriaiModellezesGorbek\x64\Release\Surfaces.exe
